C51 COMPILER V9.60.0.0   MAIN                                                              11/27/2020 11:16:59 PAGE 1   


C51 COMPILER V9.60.0.0, COMPILATION OF MODULE MAIN
OBJECT MODULE PLACED IN main.OBJ
COMPILER INVOKED BY: D:\keil4\C51\BIN\C51.EXE main.c LARGE OPTIMIZE(8,SPEED) BROWSE NOAREGS INCDIR(..\Public;..\User\GPI
                    -O;..\User\PWM;..\User\Timer;..\User\ADC;..\User\Compare;..\User\DataFlash;..\User\IAP;..\User\SPI;..\User\TouchKey;..\Us
                    -er\USB\USB_LIB) DEBUG OBJECTEXTEND

line level    source

   1          
   2          /********************************** (C) COPYRIGHT *******************************
   3          * File Name          : Main.C
   4          * Author             : WCH
   5          * Version            : V1.1
   6          * Date               : 2017/11/18
   7          * Description        : GPIO 设置与使用和GPIO中断使用示例   
   8          *******************************************************************************/
   9          #include "CH552.H"                                                   
  10          #include "Debug.H"
  11          #include "GPIO.H"
  12          #include "stdio.h"
  13          #include <string.h>
  14          
  15          #pragma  NOAREGS
  16          
  17          sbit LED0 = P1^6;
  18          sbit LED1 = P1^7;
  19          
  20          void main( ) 
  21          {
  22   1          UINT16 j = 0;
  23   1          CfgFsys( );                                                                //CH554时钟选择配置  
             - 
  24   1          mDelaymS(20);
  25   1          mInitSTDIO( );                                                             //串口0初始化
  26   1          printf("start ...\n"); 
  27   1          Port1Cfg(1,6);                                                             //P16设置推挽模式
  28   1          Port1Cfg(1,7);                                                             //P17设置推挽模式
  29   1          LED0 = 0;
  30   1          LED1 = 0;   
  31   1      
  32   1          while(1){
  33   2            printf(".");
  34   2            LED0 = ~LED0;
  35   2            LED1 = ~LED1;                     
  36   2            mDelaymS(100);                    
  37   2          }
  38   1      }


MODULE INFORMATION:   STATIC OVERLAYABLE
   CODE SIZE        =     69    ----
   CONSTANT SIZE    =     13    ----
   XDATA SIZE       =   ----       2
   PDATA SIZE       =   ----    ----
   DATA SIZE        =   ----    ----
   IDATA SIZE       =   ----    ----
   BIT SIZE         =   ----    ----
END OF MODULE INFORMATION.


C51 COMPILATION COMPLETE.  0 WARNING(S),  0 ERROR(S)
